FANMOD 1.1 subgraph enumeration
-------------------------------

Network name: C:\Users\uqjrhode\Documents\work\github\landscape_simulation\results\for_fanmod\fs_1_ps_0.15_fd_0_pd_0.15_rep_1.txt
Network type: Undirected
Number of nodes: 216
Number of edges: 2359
Number of single edges: 0
Number of mutual edges: 2359
Number of vertex colors: 2

Algorithm: enumeration
Subgraph size: 4

Generated 1000 random networks
   with locally constant number of bidirectional edges,
   exchanging only edges with the same vertex colors,
   3 exchanges per edge and 3 tries per edge.

607431 subgraphs were enumerated in the original network.
1690465657 subgraphs were enumerated in the random networks.
1691073088 subgraphs were enumerated in all networks.

For the random networks: 12917251 tries were made, 5829697 were successful.
Randomization took 6.96 seconds.
Enumeration took 1357.33 seconds.


Result overview:

     ID  Adj   Frequency     Mean-Freq  Standard-Dev    Z-Score  p-Value
              [Original]      [Random]      [Random]

   8598 0010     25.922%       43.787%    0.00096976    -184.22        1
        0001
        1001
        0110

   4958 0001     23.241%       0.1483%     0.0031332     73.701        0
        0011
        0101
        1110

  13278 0011      7.991%    0.0087603%     0.0002379     335.52        0
        0011
        1101
        1110

  31710 0111     4.4685%  3.0954e-005%   4.1843e-006      10679        0
        1011
        1101
        1110

   8598 0011     4.4402%       8.4003%    0.00068829    -57.535        1
        0010
        1100
        1001

   4958 0001     4.4117%      0.86849%    0.00029345     120.74        0
        0011
        0101
        1111

   8598 0001     4.2984%       7.4788%     0.0010687    -29.758        1
        0011
        0100
        1101

   4382 0001     4.2726%       3.1227%    0.00033108     34.733        0
        0001
        0001
        1111

   4382 0001     3.9448%       21.768%     0.0027023    -65.957        1
        0001
        0001
        1110

   8598 0011     3.2422%        2.299%    0.00014391      65.54        0
        0001
        1010
        1101

   4958 0011     3.2176%      0.90983%    0.00046663     49.458        0
        0010
        1101
        1011

  31710 0111     1.7525%   0.00018264%   2.3415e-006     7483.5        0
        1011
        1101
        1111

   4958 0111     1.6231%    0.0089261%    0.00021749     74.217        0
        1010
        1100
        1001

  13278 0111     1.4369%     0.026289%    3.092e-005     456.21        0
        1011
        1110
        1101

  13278 0111     1.2209%    0.0012128%    2.334e-005     522.57        0
        1011
        1100
        1101

  13278 0011     1.0253%      0.12739%    0.00010425     86.132        0
        0011
        1101
        1111

   4382 0100    0.87829%       1.3892%    0.00016199    -31.541        1
        1011
        0110
        0101

   4958 0111    0.85952%       0.2153%     0.0001308     49.254        0
        1001
        1010
        1101

   4382 0010     0.6753%        4.068%    0.00046572    -72.848        1
        0010
        1101
        0011

   4382 0111    0.55694%      0.20013%   9.5932e-006     371.94        0
        1100
        1010
        1001

  27030 0110    0.22916%       4.1236%     0.0012343    -31.551        1
        1001
        1001
        0110

  27030 0011    0.19689%      0.28831%    4.778e-005    -19.133        1
        0011
        1110
        1101

  27030 0011    0.06651%      0.62641%    0.00016662    -33.603        1
        0011
        1100
        1101

   8598 0110   0.029304%      0.13332%    0.00010201    -10.196        1
        1001
        1010
        0101

